{"/Users/diogoangelim/html-to-gutenberg/dist/globals.js": {"path":"/Users/diogoangelim/html-to-gutenberg/dist/globals.js","statementMap":{"0":{"start":{"line":2,"column":0},"end":{"line":2,"column":62}},"1":{"start":{"line":3,"column":0},"end":{"line":3,"column":130}},"2":{"start":{"line":4,"column":0},"end":{"line":9,"column":2}},"3":{"start":{"line":10,"column":0},"end":{"line":10,"column":20}},"4":{"start":{"line":11,"column":0},"end":{"line":18,"column":2}},"5":{"start":{"line":19,"column":0},"end":{"line":19,"column":137}},"6":{"start":{"line":20,"column":0},"end":{"line":22,"column":2}},"7":{"start":{"line":23,"column":0},"end":{"line":23,"column":76}}},"fnMap":{},"branchMap":{},"s":{"0":0,"1":0,"2":0,"3":0,"4":0,"5":0,"6":0,"7":0},"f":{},"b":{}}
,"/Users/diogoangelim/html-to-gutenberg/dist/index.js": {"path":"/Users/diogoangelim/html-to-gutenberg/dist/index.js","statementMap":{"0":{"start":{"line":2,"column":0},"end":{"line":2,"column":62}},"1":{"start":{"line":3,"column":0},"end":{"line":3,"column":52}},"2":{"start":{"line":4,"column":0},"end":{"line":4,"column":52}},"3":{"start":{"line":7,"column":29},"end":{"line":7,"column":138}},"4":{"start":{"line":8,"column":4},"end":{"line":8,"column":61}},"5":{"start":{"line":8,"column":33},"end":{"line":8,"column":59}},"6":{"start":{"line":11,"column":4},"end":{"line":12,"column":19}},"7":{"start":{"line":12,"column":8},"end":{"line":12,"column":19}},"8":{"start":{"line":13,"column":26},"end":{"line":13,"column":79}},"9":{"start":{"line":14,"column":20},"end":{"line":14,"column":72}},"10":{"start":{"line":15,"column":4},"end":{"line":15,"column":72}},"11":{"start":{"line":15,"column":49},"end":{"line":15,"column":70}}},"fnMap":{"0":{"name":"hasTailwindCdnSource","decl":{"start":{"line":6,"column":9},"end":{"line":6,"column":29}},"loc":{"start":{"line":6,"column":39},"end":{"line":9,"column":1}},"line":6},"1":{"name":"(anonymous_1)","decl":{"start":{"line":8,"column":24},"end":{"line":8,"column":25}},"loc":{"start":{"line":8,"column":33},"end":{"line":8,"column":59}},"line":8},"2":{"name":"replaceSourceUrlVars","decl":{"start":{"line":10,"column":9},"end":{"line":10,"column":29}},"loc":{"start":{"line":10,"column":43},"end":{"line":16,"column":1}},"line":10},"3":{"name":"(anonymous_3)","decl":{"start":{"line":15,"column":32},"end":{"line":15,"column":33}},"loc":{"start":{"line":15,"column":49},"end":{"line":15,"column":70}},"line":15}},"branchMap":{"0":{"loc":{"start":{"line":11,"column":4},"end":{"line":12,"column":19}},"type":"if","locations":[{"start":{"line":11,"column":4},"end":{"line":12,"column":19}},{"start":{},"end":{}}],"line":11}},"s":{"0":0,"1":0,"2":0,"3":0,"4":0,"5":0,"6":0,"7":0,"8":0,"9":0,"10":0,"11":0},"f":{"0":0,"1":0,"2":0,"3":0},"b":{"0":[0,0]}}
,"/Users/diogoangelim/html-to-gutenberg/dist/utils.js": {"path":"/Users/diogoangelim/html-to-gutenberg/dist/utils.js","statementMap":{"0":{"start":{"line":2,"column":0},"end":{"line":2,"column":62}},"1":{"start":{"line":3,"column":0},"end":{"line":3,"column":52}},"2":{"start":{"line":4,"column":0},"end":{"line":4,"column":52}},"3":{"start":{"line":5,"column":0},"end":{"line":5,"column":76}},"4":{"start":{"line":6,"column":0},"end":{"line":6,"column":98}},"5":{"start":{"line":7,"column":0},"end":{"line":7,"column":124}},"6":{"start":{"line":8,"column":0},"end":{"line":8,"column":48}},"7":{"start":{"line":9,"column":0},"end":{"line":9,"column":64}},"8":{"start":{"line":12,"column":29},"end":{"line":12,"column":138}},"9":{"start":{"line":13,"column":4},"end":{"line":13,"column":61}},"10":{"start":{"line":13,"column":33},"end":{"line":13,"column":59}},"11":{"start":{"line":16,"column":4},"end":{"line":17,"column":19}},"12":{"start":{"line":17,"column":8},"end":{"line":17,"column":19}},"13":{"start":{"line":18,"column":26},"end":{"line":18,"column":79}},"14":{"start":{"line":19,"column":20},"end":{"line":19,"column":76}},"15":{"start":{"line":20,"column":4},"end":{"line":21,"column":19}},"16":{"start":{"line":21,"column":8},"end":{"line":21,"column":19}},"17":{"start":{"line":22,"column":4},"end":{"line":22,"column":73}},"18":{"start":{"line":22,"column":50},"end":{"line":22,"column":71}},"19":{"start":{"line":25,"column":24},"end":{"line":25,"column":104}},"20":{"start":{"line":26,"column":30},"end":{"line":26,"column":35}},"21":{"start":{"line":27,"column":4},"end":{"line":37,"column":33}},"22":{"start":{"line":31,"column":8},"end":{"line":34,"column":9}},"23":{"start":{"line":32,"column":12},"end":{"line":32,"column":39}},"24":{"start":{"line":33,"column":12},"end":{"line":33,"column":56}},"25":{"start":{"line":35,"column":8},"end":{"line":35,"column":21}},"26":{"start":{"line":40,"column":4},"end":{"line":40,"column":68}},"27":{"start":{"line":43,"column":4},"end":{"line":45,"column":5}},"28":{"start":{"line":44,"column":8},"end":{"line":44,"column":83}},"29":{"start":{"line":46,"column":4},"end":{"line":46,"column":14}},"30":{"start":{"line":49,"column":4},"end":{"line":50,"column":21}},"31":{"start":{"line":50,"column":8},"end":{"line":50,"column":21}},"32":{"start":{"line":51,"column":4},"end":{"line":51,"column":50}},"33":{"start":{"line":54,"column":18},"end":{"line":54,"column":46}},"34":{"start":{"line":55,"column":17},"end":{"line":55,"column":19}},"35":{"start":{"line":56,"column":4},"end":{"line":58,"column":5}},"36":{"start":{"line":56,"column":17},"end":{"line":56,"column":18}},"37":{"start":{"line":57,"column":8},"end":{"line":57,"column":73}},"38":{"start":{"line":59,"column":4},"end":{"line":59,"column":32}}},"fnMap":{"0":{"name":"hasTailwindCdnSource","decl":{"start":{"line":11,"column":9},"end":{"line":11,"column":29}},"loc":{"start":{"line":11,"column":39},"end":{"line":14,"column":1}},"line":11},"1":{"name":"(anonymous_1)","decl":{"start":{"line":13,"column":24},"end":{"line":13,"column":25}},"loc":{"start":{"line":13,"column":33},"end":{"line":13,"column":59}},"line":13},"2":{"name":"replaceSourceUrlVars","decl":{"start":{"line":15,"column":9},"end":{"line":15,"column":29}},"loc":{"start":{"line":15,"column":43},"end":{"line":23,"column":1}},"line":15},"3":{"name":"(anonymous_3)","decl":{"start":{"line":22,"column":32},"end":{"line":22,"column":33}},"loc":{"start":{"line":22,"column":50},"end":{"line":22,"column":71}},"line":22},"4":{"name":"sanitizeAndReplaceLeadingNumbers","decl":{"start":{"line":24,"column":9},"end":{"line":24,"column":41}},"loc":{"start":{"line":24,"column":47},"end":{"line":38,"column":1}},"line":24},"5":{"name":"(anonymous_5)","decl":{"start":{"line":30,"column":24},"end":{"line":30,"column":25}},"loc":{"start":{"line":30,"column":35},"end":{"line":36,"column":5}},"line":30},"6":{"name":"replaceUnderscoresSpacesAndUppercaseLetters","decl":{"start":{"line":39,"column":9},"end":{"line":39,"column":52}},"loc":{"start":{"line":39,"column":64},"end":{"line":41,"column":1}},"line":39},"7":{"name":"convertDashesSpacesAndUppercaseToUnderscoresAndLowercase","decl":{"start":{"line":42,"column":9},"end":{"line":42,"column":65}},"loc":{"start":{"line":42,"column":74},"end":{"line":47,"column":1}},"line":42},"8":{"name":"hasAbsoluteKeyword","decl":{"start":{"line":48,"column":9},"end":{"line":48,"column":27}},"loc":{"start":{"line":48,"column":33},"end":{"line":52,"column":1}},"line":48},"9":{"name":"generateRandomVariableName","decl":{"start":{"line":53,"column":9},"end":{"line":53,"column":35}},"loc":{"start":{"line":53,"column":68},"end":{"line":60,"column":1}},"line":53}},"branchMap":{"0":{"loc":{"start":{"line":16,"column":4},"end":{"line":17,"column":19}},"type":"if","locations":[{"start":{"line":16,"column":4},"end":{"line":17,"column":19}},{"start":{},"end":{}}],"line":16},"1":{"loc":{"start":{"line":20,"column":4},"end":{"line":21,"column":19}},"type":"if","locations":[{"start":{"line":20,"column":4},"end":{"line":21,"column":19}},{"start":{},"end":{}}],"line":20},"2":{"loc":{"start":{"line":31,"column":8},"end":{"line":34,"column":9}},"type":"if","locations":[{"start":{"line":31,"column":8},"end":{"line":34,"column":9}},{"start":{},"end":{}}],"line":31},"3":{"loc":{"start":{"line":39,"column":53},"end":{"line":39,"column":62}},"type":"default-arg","locations":[{"start":{"line":39,"column":60},"end":{"line":39,"column":62}}],"line":39},"4":{"loc":{"start":{"line":43,"column":4},"end":{"line":45,"column":5}},"type":"if","locations":[{"start":{"line":43,"column":4},"end":{"line":45,"column":5}},{"start":{},"end":{}}],"line":43},"5":{"loc":{"start":{"line":49,"column":4},"end":{"line":50,"column":21}},"type":"if","locations":[{"start":{"line":49,"column":4},"end":{"line":50,"column":21}},{"start":{},"end":{}}],"line":49},"6":{"loc":{"start":{"line":53,"column":36},"end":{"line":53,"column":54}},"type":"default-arg","locations":[{"start":{"line":53,"column":45},"end":{"line":53,"column":54}}],"line":53},"7":{"loc":{"start":{"line":53,"column":56},"end":{"line":53,"column":66}},"type":"default-arg","locations":[{"start":{"line":53,"column":65},"end":{"line":53,"column":66}}],"line":53}},"s":{"0":1,"1":1,"2":1,"3":1,"4":1,"5":1,"6":1,"7":1,"8":5,"9":5,"10":4,"11":5,"12":1,"13":4,"14":4,"15":4,"16":1,"17":3,"18":4,"19":5,"20":5,"21":5,"22":8,"23":4,"24":4,"25":4,"26":5,"27":5,"28":4,"29":1,"30":5,"31":0,"32":5,"33":4,"34":4,"35":4,"36":4,"37":11,"38":4},"f":{"0":5,"1":4,"2":5,"3":4,"4":5,"5":8,"6":5,"7":5,"8":5,"9":4},"b":{"0":[1,4],"1":[1,3],"2":[4,4],"3":[0],"4":[4,1],"5":[0,5],"6":[0],"7":[1]},"_coverageSchema":"1a1c01bbd47fc00a2c39e90264f33305004495a9","hash":"f0d821a3736483d6e044ac6281f6b76476ff4afc"}
}
