{"/Users/diogoangelim/html-to-gutenberg/utils.ts": {"path":"/Users/diogoangelim/html-to-gutenberg/utils.ts","statementMap":{"0":{"start":{"line":2,"column":0},"end":{"line":2,"column":16}},"1":{"start":{"line":7,"column":0},"end":{"line":7,"column":16}},"2":{"start":{"line":15,"column":0},"end":{"line":15,"column":16}},"3":{"start":{"line":31,"column":0},"end":{"line":31,"column":16}},"4":{"start":{"line":35,"column":0},"end":{"line":35,"column":16}},"5":{"start":{"line":42,"column":0},"end":{"line":42,"column":16}},"6":{"start":{"line":47,"column":0},"end":{"line":47,"column":16}},"7":{"start":{"line":3,"column":27},"end":{"line":3,"column":136}},"8":{"start":{"line":4,"column":2},"end":{"line":4,"column":67}},"9":{"start":{"line":4,"column":39},"end":{"line":4,"column":65}},"10":{"start":{"line":8,"column":2},"end":{"line":8,"column":26}},"11":{"start":{"line":8,"column":15},"end":{"line":8,"column":26}},"12":{"start":{"line":9,"column":24},"end":{"line":9,"column":77}},"13":{"start":{"line":10,"column":18},"end":{"line":10,"column":74}},"14":{"start":{"line":11,"column":2},"end":{"line":11,"column":37}},"15":{"start":{"line":11,"column":26},"end":{"line":11,"column":37}},"16":{"start":{"line":12,"column":2},"end":{"line":12,"column":87}},"17":{"start":{"line":12,"column":64},"end":{"line":12,"column":85}},"18":{"start":{"line":16,"column":22},"end":{"line":16,"column":102}},"19":{"start":{"line":17,"column":28},"end":{"line":17,"column":33}},"20":{"start":{"line":18,"column":2},"end":{"line":28,"column":29}},"21":{"start":{"line":22,"column":6},"end":{"line":25,"column":7}},"22":{"start":{"line":23,"column":8},"end":{"line":23,"column":35}},"23":{"start":{"line":24,"column":8},"end":{"line":24,"column":52}},"24":{"start":{"line":26,"column":6},"end":{"line":26,"column":19}},"25":{"start":{"line":32,"column":2},"end":{"line":32,"column":66}},"26":{"start":{"line":36,"column":2},"end":{"line":38,"column":3}},"27":{"start":{"line":37,"column":4},"end":{"line":37,"column":79}},"28":{"start":{"line":39,"column":2},"end":{"line":39,"column":12}},"29":{"start":{"line":43,"column":2},"end":{"line":43,"column":44}},"30":{"start":{"line":43,"column":31},"end":{"line":43,"column":44}},"31":{"start":{"line":44,"column":2},"end":{"line":44,"column":48}},"32":{"start":{"line":48,"column":16},"end":{"line":48,"column":44}},"33":{"start":{"line":49,"column":15},"end":{"line":49,"column":17}},"34":{"start":{"line":50,"column":2},"end":{"line":54,"column":3}},"35":{"start":{"line":50,"column":15},"end":{"line":50,"column":16}},"36":{"start":{"line":51,"column":4},"end":{"line":53,"column":6}},"37":{"start":{"line":55,"column":2},"end":{"line":55,"column":30}}},"fnMap":{"0":{"name":"hasTailwindCdnSource","decl":{"start":{"line":2,"column":16},"end":{"line":2,"column":36}},"loc":{"start":{"line":2,"column":54},"end":{"line":5,"column":1}}},"1":{"name":"(anonymous_1)","decl":{"start":{"line":4,"column":22},"end":{"line":4,"column":23}},"loc":{"start":{"line":4,"column":39},"end":{"line":4,"column":65}}},"2":{"name":"replaceSourceUrlVars","decl":{"start":{"line":7,"column":16},"end":{"line":7,"column":36}},"loc":{"start":{"line":7,"column":61},"end":{"line":13,"column":1}}},"3":{"name":"(anonymous_3)","decl":{"start":{"line":12,"column":30},"end":{"line":12,"column":31}},"loc":{"start":{"line":12,"column":64},"end":{"line":12,"column":85}}},"4":{"name":"sanitizeAndReplaceLeadingNumbers","decl":{"start":{"line":15,"column":16},"end":{"line":15,"column":48}},"loc":{"start":{"line":15,"column":60},"end":{"line":29,"column":1}}},"5":{"name":"(anonymous_5)","decl":{"start":{"line":21,"column":20},"end":{"line":21,"column":21}},"loc":{"start":{"line":21,"column":38},"end":{"line":27,"column":5}}},"6":{"name":"replaceUnderscoresSpacesAndUppercaseLetters","decl":{"start":{"line":31,"column":16},"end":{"line":31,"column":59}},"loc":{"start":{"line":31,"column":77},"end":{"line":33,"column":1}}},"7":{"name":"convertDashesSpacesAndUppercaseToUnderscoresAndLowercase","decl":{"start":{"line":35,"column":16},"end":{"line":35,"column":72}},"loc":{"start":{"line":35,"column":87},"end":{"line":40,"column":1}}},"8":{"name":"hasAbsoluteKeyword","decl":{"start":{"line":42,"column":16},"end":{"line":42,"column":34}},"loc":{"start":{"line":42,"column":46},"end":{"line":45,"column":1}}},"9":{"name":"generateRandomVariableName","decl":{"start":{"line":47,"column":16},"end":{"line":47,"column":42}},"loc":{"start":{"line":47,"column":89},"end":{"line":56,"column":1}}}},"branchMap":{"0":{"loc":{"start":{"line":8,"column":2},"end":{"line":8,"column":26}},"type":"if","locations":[{"start":{"line":8,"column":2},"end":{"line":8,"column":26}},{"start":{},"end":{}}]},"1":{"loc":{"start":{"line":11,"column":2},"end":{"line":11,"column":37}},"type":"if","locations":[{"start":{"line":11,"column":2},"end":{"line":11,"column":37}},{"start":{},"end":{}}]},"2":{"loc":{"start":{"line":22,"column":6},"end":{"line":25,"column":7}},"type":"if","locations":[{"start":{"line":22,"column":6},"end":{"line":25,"column":7}},{"start":{},"end":{}}]},"3":{"loc":{"start":{"line":31,"column":60},"end":{"line":31,"column":77}},"type":"default-arg","locations":[{"start":{"line":31,"column":75},"end":{"line":31,"column":77}}]},"4":{"loc":{"start":{"line":36,"column":2},"end":{"line":38,"column":3}},"type":"if","locations":[{"start":{"line":36,"column":2},"end":{"line":38,"column":3}},{"start":{},"end":{}}]},"5":{"loc":{"start":{"line":43,"column":2},"end":{"line":43,"column":44}},"type":"if","locations":[{"start":{"line":43,"column":2},"end":{"line":43,"column":44}},{"start":{},"end":{}}]},"6":{"loc":{"start":{"line":47,"column":43},"end":{"line":47,"column":69}},"type":"default-arg","locations":[{"start":{"line":47,"column":60},"end":{"line":47,"column":69}}]},"7":{"loc":{"start":{"line":47,"column":71},"end":{"line":47,"column":89}},"type":"default-arg","locations":[{"start":{"line":47,"column":88},"end":{"line":47,"column":89}}]}},"s":{"0":1,"1":1,"2":1,"3":1,"4":1,"5":1,"6":1,"7":5,"8":5,"9":4,"10":5,"11":1,"12":4,"13":4,"14":4,"15":1,"16":3,"17":4,"18":5,"19":5,"20":5,"21":8,"22":4,"23":4,"24":4,"25":5,"26":5,"27":4,"28":1,"29":5,"30":0,"31":5,"32":4,"33":4,"34":4,"35":4,"36":11,"37":4},"f":{"0":5,"1":4,"2":5,"3":4,"4":5,"5":8,"6":5,"7":5,"8":5,"9":4},"b":{"0":[1,4],"1":[1,3],"2":[4,4],"3":[0],"4":[4,1],"5":[0,5],"6":[0],"7":[1]}}
}
