TN:
SF:utils.ts
FN:2,hasTailwindCdnSource
FN:4,(anonymous_1)
FN:7,replaceSourceUrlVars
FN:12,(anonymous_3)
FN:15,sanitizeAndReplaceLeadingNumbers
FN:21,(anonymous_5)
FN:31,replaceUnderscoresSpacesAndUppercaseLetters
FN:35,convertDashesSpacesAndUppercaseToUnderscoresAndLowercase
FN:42,hasAbsoluteKeyword
FN:47,generateRandomVariableName
FNF:10
FNH:10
FNDA:5,hasTailwindCdnSource
FNDA:4,(anonymous_1)
FNDA:5,replaceSourceUrlVars
FNDA:4,(anonymous_3)
FNDA:5,sanitizeAndReplaceLeadingNumbers
FNDA:8,(anonymous_5)
FNDA:5,replaceUnderscoresSpacesAndUppercaseLetters
FNDA:5,convertDashesSpacesAndUppercaseToUnderscoresAndLowercase
FNDA:5,hasAbsoluteKeyword
FNDA:4,generateRandomVariableName
DA:2,1
DA:3,5
DA:4,5
DA:7,1
DA:8,5
DA:9,4
DA:10,4
DA:11,4
DA:12,4
DA:15,1
DA:16,5
DA:17,5
DA:18,5
DA:22,8
DA:23,4
DA:24,4
DA:26,4
DA:31,1
DA:32,5
DA:35,1
DA:36,5
DA:37,4
DA:39,1
DA:42,1
DA:43,5
DA:44,5
DA:47,1
DA:48,4
DA:49,4
DA:50,4
DA:51,11
DA:55,4
LF:32
LH:32
BRDA:8,0,0,1
BRDA:8,0,1,4
BRDA:11,1,0,1
BRDA:11,1,1,3
BRDA:22,2,0,4
BRDA:22,2,1,4
BRDA:31,3,0,0
BRDA:36,4,0,4
BRDA:36,4,1,1
BRDA:43,5,0,0
BRDA:43,5,1,5
BRDA:47,6,0,0
BRDA:47,7,0,1
BRF:13
BRH:10
end_of_record
