TN:
SF:src/coverage-demo.ts
FN:1,add
FNF:1
FNH:0
FNDA:0,add
DA:1,0
DA:2,0
LF:2
LH:0
BRF:0
BRH:0
end_of_record
TN:
SF:src/utils-extra.test.ts
FN:4,(anonymous_9)
FN:5,(anonymous_10)
FN:8,(anonymous_11)
FN:14,(anonymous_12)
FN:19,(anonymous_13)
FN:20,(anonymous_14)
FN:26,(anonymous_15)
FN:29,(anonymous_16)
FN:32,(anonymous_17)
FN:40,(anonymous_18)
FN:41,(anonymous_19)
FN:44,(anonymous_20)
FN:47,(anonymous_21)
FN:50,(anonymous_22)
FN:55,(anonymous_23)
FN:56,(anonymous_24)
FN:59,(anonymous_25)
FN:62,(anonymous_26)
FN:65,(anonymous_27)
FN:70,(anonymous_28)
FN:71,(anonymous_29)
FN:74,(anonymous_30)
FN:77,(anonymous_31)
FN:80,(anonymous_32)
FN:85,(anonymous_33)
FN:86,(anonymous_34)
FN:89,(anonymous_35)
FN:92,(anonymous_36)
FN:97,(anonymous_37)
FN:98,(anonymous_38)
FN:101,(anonymous_39)
FN:104,(anonymous_40)
FNF:32
FNH:32
FNDA:1,(anonymous_9)
FNDA:1,(anonymous_10)
FNDA:1,(anonymous_11)
FNDA:1,(anonymous_12)
FNDA:1,(anonymous_13)
FNDA:1,(anonymous_14)
FNDA:1,(anonymous_15)
FNDA:1,(anonymous_16)
FNDA:1,(anonymous_17)
FNDA:1,(anonymous_18)
FNDA:1,(anonymous_19)
FNDA:1,(anonymous_20)
FNDA:1,(anonymous_21)
FNDA:1,(anonymous_22)
FNDA:1,(anonymous_23)
FNDA:1,(anonymous_24)
FNDA:1,(anonymous_25)
FNDA:1,(anonymous_26)
FNDA:1,(anonymous_27)
FNDA:1,(anonymous_28)
FNDA:1,(anonymous_29)
FNDA:1,(anonymous_30)
FNDA:1,(anonymous_31)
FNDA:1,(anonymous_32)
FNDA:1,(anonymous_33)
FNDA:1,(anonymous_34)
FNDA:1,(anonymous_35)
FNDA:1,(anonymous_36)
FNDA:1,(anonymous_37)
FNDA:1,(anonymous_38)
FNDA:1,(anonymous_39)
FNDA:1,(anonymous_40)
DA:1,1
DA:2,1
DA:4,1
DA:5,1
DA:6,1
DA:8,1
DA:9,1
DA:14,1
DA:15,1
DA:19,1
DA:20,1
DA:21,1
DA:22,1
DA:23,1
DA:24,1
DA:26,1
DA:27,1
DA:29,1
DA:30,1
DA:32,1
DA:33,1
DA:34,1
DA:35,1
DA:36,1
DA:40,1
DA:41,1
DA:42,1
DA:44,1
DA:45,1
DA:47,1
DA:48,1
DA:50,1
DA:51,1
DA:55,1
DA:56,1
DA:57,1
DA:59,1
DA:60,1
DA:62,1
DA:63,1
DA:65,1
DA:66,1
DA:70,1
DA:71,1
DA:72,1
DA:74,1
DA:75,1
DA:77,1
DA:78,1
DA:80,1
DA:81,1
DA:85,1
DA:86,1
DA:87,1
DA:89,1
DA:90,1
DA:92,1
DA:93,1
DA:97,1
DA:98,1
DA:99,1
DA:101,1
DA:102,1
DA:104,1
DA:105,1
DA:106,1
LF:66
LH:66
BRF:0
BRH:0
end_of_record
TN:
SF:src/utils.test.ts
FN:4,(anonymous_9)
FN:5,(anonymous_10)
FN:10,(anonymous_11)
FN:16,(anonymous_12)
FN:20,(anonymous_13)
FN:24,(anonymous_14)
FN:28,(anonymous_15)
FN:33,(anonymous_16)
FNF:8
FNH:8
FNDA:1,(anonymous_9)
FNDA:1,(anonymous_10)
FNDA:1,(anonymous_11)
FNDA:1,(anonymous_12)
FNDA:1,(anonymous_13)
FNDA:1,(anonymous_14)
FNDA:1,(anonymous_15)
FNDA:1,(anonymous_16)
DA:1,1
DA:2,1
DA:4,1
DA:5,1
DA:6,1
DA:7,1
DA:10,1
DA:11,1
DA:12,1
DA:13,1
DA:16,1
DA:17,1
DA:20,1
DA:21,1
DA:24,1
DA:25,1
DA:28,1
DA:29,1
DA:30,1
DA:33,1
DA:34,1
LF:21
LH:21
BRF:0
BRH:0
end_of_record
